<?xml version="1.0" encoding="UTF-8"?>
<!-- Generated by org.testng.reporters.JUnitReportReporter -->
<testsuite skipped="0" hostname="HDC4-D-CCJTXJ2" name="testmeapp.tests.OnlineShoppingTest" tests="4" failures="0" timestamp="25 Sep 2019 09:01:49 GMT" time="53.030" errors="0">
  <testcase name="testRegistration" time="27.117" classname="testmeapp.tests.OnlineShoppingTest"/>
  <testcase name="testLogin" time="4.211" classname="testmeapp.tests.OnlineShoppingTest"/>
  <testcase name="testCart" time="2.686" classname="testmeapp.tests.OnlineShoppingTest"/>
  <testcase name="testPayment" time="19.016" classname="testmeapp.tests.OnlineShoppingTest"/>
</testsuite> <!-- testmeapp.tests.OnlineShoppingTest -->
